<?xml version='1.0' encoding='UTF-8'?>
<testsuite hostname="DESKTOP-IGH1V0U" name="retcalc.RetCalcSpec" tests="1" errors="0" failures="0" skipped="0" time="0.043" timestamp="2020-07-12T13:39:15">
                     <properties>
[...]
</properties>
                     <testcase classname="retcalc.RetCalcSpec" name="RetCalc.futureCapital should calculate the amount of savings I will have in n months" time="0.043">
                                                 
                                               </testcase>
                     <system-out><![CDATA[]]></system-out>
                     <system-err><![CDATA[]]></system-err>
                   </testsuite>